Analysis & Synthesis report for DE1_SoC
Wed Mar 03 10:54:31 2021
Quartus Prime Version 17.0.0 Build 595 04/25/2017 SJ Lite Edition


---------------------
; Table of Contents ;
---------------------
  1. Legal Notice
  2. Analysis & Synthesis Summary
  3. Analysis & Synthesis Settings
  4. Parallel Compilation
  5. Analysis & Synthesis Source Files Read
  6. Analysis & Synthesis Resource Usage Summary
  7. Analysis & Synthesis Resource Utilization by Entity
  8. Registers Removed During Synthesis
  9. General Register Statistics
 10. Multiplexer Restructuring Statistics (Restructuring Performed)
 11. Parameter Settings for User Entity Instance: LEDDriver:Driver
 12. Parameter Settings for User Entity Instance: clock_counter:cc1
 13. Parameter Settings for User Entity Instance: clock_counter:cc2
 14. Parameter Settings for Inferred Entity Instance: pattern_generator:pg1|lpm_divide:Mod0
 15. Port Connectivity Checks: "single_hex_driver:hd3"
 16. Port Connectivity Checks: "bird:b1|bird_light:blF"
 17. Port Connectivity Checks: "bird:b1|bird_light:bl0"
 18. Port Connectivity Checks: "LEDDriver:Driver"
 19. Port Connectivity Checks: "clock_divider:divider"
 20. Post-Synthesis Netlist Statistics for Top Partition
 21. Elapsed Time Per Partition
 22. Analysis & Synthesis Messages
 23. Analysis & Synthesis Suppressed Messages



----------------
; Legal Notice ;
----------------
Copyright (C) 2017  Intel Corporation. All rights reserved.
Your use of Intel Corporation's design tools, logic functions 
and other software and tools, and its AMPP partner logic 
functions, and any output files from any of the foregoing 
(including device programming or simulation files), and any 
associated documentation or information are expressly subject 
to the terms and conditions of the Intel Program License 
Subscription Agreement, the Intel Quartus Prime License Agreement,
the Intel MegaCore Function License Agreement, or other 
applicable license agreement, including, without limitation, 
that your use is for the sole purpose of programming logic 
devices manufactured by Intel and sold by Intel or its 
authorized distributors.  Please refer to the applicable 
agreement for further details.



+-------------------------------------------------------------------------------+
; Analysis & Synthesis Summary                                                  ;
+---------------------------------+---------------------------------------------+
; Analysis & Synthesis Status     ; Successful - Wed Mar 03 10:54:31 2021       ;
; Quartus Prime Version           ; 17.0.0 Build 595 04/25/2017 SJ Lite Edition ;
; Revision Name                   ; DE1_SoC                                     ;
; Top-level Entity Name           ; DE1_SoC                                     ;
; Family                          ; Cyclone V                                   ;
; Logic utilization (in ALMs)     ; N/A                                         ;
; Total registers                 ; 436                                         ;
; Total pins                      ; 103                                         ;
; Total virtual pins              ; 0                                           ;
; Total block memory bits         ; 0                                           ;
; Total DSP Blocks                ; 0                                           ;
; Total HSSI RX PCSs              ; 0                                           ;
; Total HSSI PMA RX Deserializers ; 0                                           ;
; Total HSSI TX PCSs              ; 0                                           ;
; Total HSSI PMA TX Serializers   ; 0                                           ;
; Total PLLs                      ; 0                                           ;
; Total DLLs                      ; 0                                           ;
+---------------------------------+---------------------------------------------+


+---------------------------------------------------------------------------------------------------------------------------+
; Analysis & Synthesis Settings                                                                                             ;
+---------------------------------------------------------------------------------+--------------------+--------------------+
; Option                                                                          ; Setting            ; Default Value      ;
+---------------------------------------------------------------------------------+--------------------+--------------------+
; Device                                                                          ; 5CSEMA5F31C6       ;                    ;
; Top-level entity name                                                           ; DE1_SoC            ; DE1_SoC            ;
; Family name                                                                     ; Cyclone V          ; Cyclone V          ;
; State Machine Processing                                                        ; User-Encoded       ; Auto               ;
; Use smart compilation                                                           ; Off                ; Off                ;
; Enable parallel Assembler and TimeQuest Timing Analyzer during compilation      ; On                 ; On                 ;
; Enable compact report table                                                     ; Off                ; Off                ;
; Restructure Multiplexers                                                        ; Auto               ; Auto               ;
; MLAB Add Timing Constraints For Mixed-Port Feed-Through Mode Setting Don't Care ; Off                ; Off                ;
; Create Debugging Nodes for IP Cores                                             ; Off                ; Off                ;
; Preserve fewer node names                                                       ; On                 ; On                 ;
; OpenCore Plus hardware evaluation                                               ; Enable             ; Enable             ;
; Verilog Version                                                                 ; Verilog_2001       ; Verilog_2001       ;
; VHDL Version                                                                    ; VHDL_1993          ; VHDL_1993          ;
; Safe State Machine                                                              ; Off                ; Off                ;
; Extract Verilog State Machines                                                  ; On                 ; On                 ;
; Extract VHDL State Machines                                                     ; On                 ; On                 ;
; Ignore Verilog initial constructs                                               ; Off                ; Off                ;
; Iteration limit for constant Verilog loops                                      ; 5000               ; 5000               ;
; Iteration limit for non-constant Verilog loops                                  ; 250                ; 250                ;
; Add Pass-Through Logic to Inferred RAMs                                         ; On                 ; On                 ;
; Infer RAMs from Raw Logic                                                       ; On                 ; On                 ;
; Parallel Synthesis                                                              ; On                 ; On                 ;
; DSP Block Balancing                                                             ; Auto               ; Auto               ;
; NOT Gate Push-Back                                                              ; On                 ; On                 ;
; Power-Up Don't Care                                                             ; On                 ; On                 ;
; Remove Redundant Logic Cells                                                    ; Off                ; Off                ;
; Remove Duplicate Registers                                                      ; On                 ; On                 ;
; Ignore CARRY Buffers                                                            ; Off                ; Off                ;
; Ignore CASCADE Buffers                                                          ; Off                ; Off                ;
; Ignore GLOBAL Buffers                                                           ; Off                ; Off                ;
; Ignore ROW GLOBAL Buffers                                                       ; Off                ; Off                ;
; Ignore LCELL Buffers                                                            ; Off                ; Off                ;
; Ignore SOFT Buffers                                                             ; On                 ; On                 ;
; Limit AHDL Integers to 32 Bits                                                  ; Off                ; Off                ;
; Optimization Technique                                                          ; Balanced           ; Balanced           ;
; Carry Chain Length                                                              ; 70                 ; 70                 ;
; Auto Carry Chains                                                               ; On                 ; On                 ;
; Auto Open-Drain Pins                                                            ; On                 ; On                 ;
; Perform WYSIWYG Primitive Resynthesis                                           ; Off                ; Off                ;
; Auto ROM Replacement                                                            ; On                 ; On                 ;
; Auto RAM Replacement                                                            ; On                 ; On                 ;
; Auto DSP Block Replacement                                                      ; On                 ; On                 ;
; Auto Shift Register Replacement                                                 ; Auto               ; Auto               ;
; Allow Shift Register Merging across Hierarchies                                 ; Auto               ; Auto               ;
; Auto Clock Enable Replacement                                                   ; On                 ; On                 ;
; Strict RAM Replacement                                                          ; Off                ; Off                ;
; Allow Synchronous Control Signals                                               ; On                 ; On                 ;
; Force Use of Synchronous Clear Signals                                          ; Off                ; Off                ;
; Auto Resource Sharing                                                           ; Off                ; Off                ;
; Allow Any RAM Size For Recognition                                              ; Off                ; Off                ;
; Allow Any ROM Size For Recognition                                              ; Off                ; Off                ;
; Allow Any Shift Register Size For Recognition                                   ; Off                ; Off                ;
; Use LogicLock Constraints during Resource Balancing                             ; On                 ; On                 ;
; Ignore translate_off and synthesis_off directives                               ; Off                ; Off                ;
; Timing-Driven Synthesis                                                         ; On                 ; On                 ;
; Report Parameter Settings                                                       ; On                 ; On                 ;
; Report Source Assignments                                                       ; On                 ; On                 ;
; Report Connectivity Checks                                                      ; On                 ; On                 ;
; Ignore Maximum Fan-Out Assignments                                              ; Off                ; Off                ;
; Synchronization Register Chain Length                                           ; 3                  ; 3                  ;
; PowerPlay Power Optimization During Synthesis                                   ; Normal compilation ; Normal compilation ;
; HDL message level                                                               ; Level2             ; Level2             ;
; Suppress Register Optimization Related Messages                                 ; Off                ; Off                ;
; Number of Removed Registers Reported in Synthesis Report                        ; 5000               ; 5000               ;
; Number of Swept Nodes Reported in Synthesis Report                              ; 5000               ; 5000               ;
; Number of Inverted Registers Reported in Synthesis Report                       ; 100                ; 100                ;
; Clock MUX Protection                                                            ; On                 ; On                 ;
; Auto Gated Clock Conversion                                                     ; Off                ; Off                ;
; Block Design Naming                                                             ; Auto               ; Auto               ;
; SDC constraint protection                                                       ; Off                ; Off                ;
; Synthesis Effort                                                                ; Auto               ; Auto               ;
; Shift Register Replacement - Allow Asynchronous Clear Signal                    ; On                 ; On                 ;
; Pre-Mapping Resynthesis Optimization                                            ; Off                ; Off                ;
; Analysis & Synthesis Message Level                                              ; Medium             ; Medium             ;
; Disable Register Merging Across Hierarchies                                     ; Auto               ; Auto               ;
; Resource Aware Inference For Block RAM                                          ; On                 ; On                 ;
; Automatic Parallel Synthesis                                                    ; On                 ; On                 ;
; Partial Reconfiguration Bitstream ID                                            ; Off                ; Off                ;
+---------------------------------------------------------------------------------+--------------------+--------------------+


+------------------------------------------+
; Parallel Compilation                     ;
+----------------------------+-------------+
; Processors                 ; Number      ;
+----------------------------+-------------+
; Number detected on machine ; 16          ;
; Maximum allowed            ; 16          ;
;                            ;             ;
; Average used               ; 1.00        ;
; Maximum used               ; 16          ;
;                            ;             ;
; Usage by Processor         ; % Time Used ;
;     Processor 1            ; 100.0%      ;
;     Processors 2-16        ;   0.0%      ;
+----------------------------+-------------+


+------------------------------------------------------------------------------------------------------------------------------------------------------------------+
; Analysis & Synthesis Source Files Read                                                                                                                           ;
+----------------------------------+-----------------+------------------------------+--------------------------------------------------------------------+---------+
; File Name with User-Entered Path ; Used in Netlist ; File Type                    ; File Name with Absolute Path                                       ; Library ;
+----------------------------------+-----------------+------------------------------+--------------------------------------------------------------------+---------+
; DE1_SoC.sv                       ; yes             ; User SystemVerilog HDL File  ; D:/UW/ee271labs/lab8/DE1_SoC.sv                                    ;         ;
; LEDDriver.sv                     ; yes             ; User SystemVerilog HDL File  ; D:/UW/ee271labs/lab8/LEDDriver.sv                                  ;         ;
; clock_divider.sv                 ; yes             ; User SystemVerilog HDL File  ; D:/UW/ee271labs/lab8/clock_divider.sv                              ;         ;
; bird.sv                          ; yes             ; User SystemVerilog HDL File  ; D:/UW/ee271labs/lab8/bird.sv                                       ;         ;
; bird_light.sv                    ; yes             ; User SystemVerilog HDL File  ; D:/UW/ee271labs/lab8/bird_light.sv                                 ;         ;
; input_processing.sv              ; yes             ; User SystemVerilog HDL File  ; D:/UW/ee271labs/lab8/input_processing.sv                           ;         ;
; clock_counter.sv                 ; yes             ; User SystemVerilog HDL File  ; D:/UW/ee271labs/lab8/clock_counter.sv                              ;         ;
; single_hex_driver.sv             ; yes             ; User SystemVerilog HDL File  ; D:/UW/ee271labs/lab8/single_hex_driver.sv                          ;         ;
; bird_light_center.sv             ; yes             ; User SystemVerilog HDL File  ; D:/UW/ee271labs/lab8/bird_light_center.sv                          ;         ;
; column_driver.sv                 ; yes             ; User SystemVerilog HDL File  ; D:/UW/ee271labs/lab8/column_driver.sv                              ;         ;
; pattern_generator.sv             ; yes             ; User SystemVerilog HDL File  ; D:/UW/ee271labs/lab8/pattern_generator.sv                          ;         ;
; LFSR.sv                          ; yes             ; User SystemVerilog HDL File  ; D:/UW/ee271labs/lab8/LFSR.sv                                       ;         ;
; D_FF_R.sv                        ; yes             ; User SystemVerilog HDL File  ; D:/UW/ee271labs/lab8/D_FF_R.sv                                     ;         ;
; score_keeper.sv                  ; yes             ; User SystemVerilog HDL File  ; D:/UW/ee271labs/lab8/score_keeper.sv                               ;         ;
; screen_controller.sv             ; yes             ; User SystemVerilog HDL File  ; D:/UW/ee271labs/lab8/screen_controller.sv                          ;         ;
; difficulty_display.sv            ; yes             ; User SystemVerilog HDL File  ; D:/UW/ee271labs/lab8/difficulty_display.sv                         ;         ;
; lpm_divide.tdf                   ; yes             ; Megafunction                 ; d:/quartuslite/quartus/libraries/megafunctions/lpm_divide.tdf      ;         ;
; abs_divider.inc                  ; yes             ; Megafunction                 ; d:/quartuslite/quartus/libraries/megafunctions/abs_divider.inc     ;         ;
; sign_div_unsign.inc              ; yes             ; Megafunction                 ; d:/quartuslite/quartus/libraries/megafunctions/sign_div_unsign.inc ;         ;
; aglobal170.inc                   ; yes             ; Megafunction                 ; d:/quartuslite/quartus/libraries/megafunctions/aglobal170.inc      ;         ;
; db/lpm_divide_h3m.tdf            ; yes             ; Auto-Generated Megafunction  ; D:/UW/ee271labs/lab8/db/lpm_divide_h3m.tdf                         ;         ;
; db/sign_div_unsign_klh.tdf       ; yes             ; Auto-Generated Megafunction  ; D:/UW/ee271labs/lab8/db/sign_div_unsign_klh.tdf                    ;         ;
; db/alt_u_div_eve.tdf             ; yes             ; Auto-Generated Megafunction  ; D:/UW/ee271labs/lab8/db/alt_u_div_eve.tdf                          ;         ;
+----------------------------------+-----------------+------------------------------+--------------------------------------------------------------------+---------+


+----------------------------------------------------------------------------------------+
; Analysis & Synthesis Resource Usage Summary                                            ;
+---------------------------------------------+------------------------------------------+
; Resource                                    ; Usage                                    ;
+---------------------------------------------+------------------------------------------+
; Estimate of Logic utilization (ALMs needed) ; 313                                      ;
;                                             ;                                          ;
; Combinational ALUT usage for logic          ; 429                                      ;
;     -- 7 input functions                    ; 0                                        ;
;     -- 6 input functions                    ; 160                                      ;
;     -- 5 input functions                    ; 22                                       ;
;     -- 4 input functions                    ; 55                                       ;
;     -- <=3 input functions                  ; 192                                      ;
;                                             ;                                          ;
; Dedicated logic registers                   ; 436                                      ;
;                                             ;                                          ;
; I/O pins                                    ; 103                                      ;
;                                             ;                                          ;
; Total DSP Blocks                            ; 0                                        ;
;                                             ;                                          ;
; Maximum fan-out node                        ; clock_divider:divider|divided_clocks[14] ;
; Maximum fan-out                             ; 422                                      ;
; Total fan-out                               ; 3442                                     ;
; Average fan-out                             ; 3.21                                     ;
+---------------------------------------------+------------------------------------------+


+--------------------------------------------------------------------------------------------------------------------------------------------------------------------------------------------------------------------------------------------------------------------------------------------------------------------------+
; Analysis & Synthesis Resource Utilization by Entity                                                                                                                                                                                                                                                                      ;
+-------------------------------------------+---------------------+---------------------------+-------------------+------------+------+--------------+--------------------------------------------------------------------------------------------------------------------------------+---------------------+--------------+
; Compilation Hierarchy Node                ; Combinational ALUTs ; Dedicated Logic Registers ; Block Memory Bits ; DSP Blocks ; Pins ; Virtual Pins ; Full Hierarchy Name                                                                                                            ; Entity Name         ; Library Name ;
+-------------------------------------------+---------------------+---------------------------+-------------------+------------+------+--------------+--------------------------------------------------------------------------------------------------------------------------------+---------------------+--------------+
; |DE1_SoC                                  ; 429 (0)             ; 436 (0)                   ; 0                 ; 0          ; 103  ; 0            ; |DE1_SoC                                                                                                                       ; DE1_SoC             ; work         ;
;    |LEDDriver:Driver|                     ; 117 (117)           ; 4 (4)                     ; 0                 ; 0          ; 0    ; 0            ; |DE1_SoC|LEDDriver:Driver                                                                                                      ; LEDDriver           ; work         ;
;    |bird:b1|                              ; 16 (0)              ; 16 (0)                    ; 0                 ; 0          ; 0    ; 0            ; |DE1_SoC|bird:b1                                                                                                               ; bird                ; work         ;
;       |bird_light:bl0|                    ; 1 (1)               ; 1 (1)                     ; 0                 ; 0          ; 0    ; 0            ; |DE1_SoC|bird:b1|bird_light:bl0                                                                                                ; bird_light          ; work         ;
;       |bird_light:bl1|                    ; 1 (1)               ; 1 (1)                     ; 0                 ; 0          ; 0    ; 0            ; |DE1_SoC|bird:b1|bird_light:bl1                                                                                                ; bird_light          ; work         ;
;       |bird_light:bl2|                    ; 1 (1)               ; 1 (1)                     ; 0                 ; 0          ; 0    ; 0            ; |DE1_SoC|bird:b1|bird_light:bl2                                                                                                ; bird_light          ; work         ;
;       |bird_light:bl3|                    ; 1 (1)               ; 1 (1)                     ; 0                 ; 0          ; 0    ; 0            ; |DE1_SoC|bird:b1|bird_light:bl3                                                                                                ; bird_light          ; work         ;
;       |bird_light:bl4|                    ; 1 (1)               ; 1 (1)                     ; 0                 ; 0          ; 0    ; 0            ; |DE1_SoC|bird:b1|bird_light:bl4                                                                                                ; bird_light          ; work         ;
;       |bird_light:bl5|                    ; 1 (1)               ; 1 (1)                     ; 0                 ; 0          ; 0    ; 0            ; |DE1_SoC|bird:b1|bird_light:bl5                                                                                                ; bird_light          ; work         ;
;       |bird_light:bl6|                    ; 1 (1)               ; 1 (1)                     ; 0                 ; 0          ; 0    ; 0            ; |DE1_SoC|bird:b1|bird_light:bl6                                                                                                ; bird_light          ; work         ;
;       |bird_light:bl7|                    ; 1 (1)               ; 1 (1)                     ; 0                 ; 0          ; 0    ; 0            ; |DE1_SoC|bird:b1|bird_light:bl7                                                                                                ; bird_light          ; work         ;
;       |bird_light:bl8|                    ; 1 (1)               ; 1 (1)                     ; 0                 ; 0          ; 0    ; 0            ; |DE1_SoC|bird:b1|bird_light:bl8                                                                                                ; bird_light          ; work         ;
;       |bird_light:bl9|                    ; 1 (1)               ; 1 (1)                     ; 0                 ; 0          ; 0    ; 0            ; |DE1_SoC|bird:b1|bird_light:bl9                                                                                                ; bird_light          ; work         ;
;       |bird_light:blB|                    ; 1 (1)               ; 1 (1)                     ; 0                 ; 0          ; 0    ; 0            ; |DE1_SoC|bird:b1|bird_light:blB                                                                                                ; bird_light          ; work         ;
;       |bird_light:blC|                    ; 1 (1)               ; 1 (1)                     ; 0                 ; 0          ; 0    ; 0            ; |DE1_SoC|bird:b1|bird_light:blC                                                                                                ; bird_light          ; work         ;
;       |bird_light:blD|                    ; 1 (1)               ; 1 (1)                     ; 0                 ; 0          ; 0    ; 0            ; |DE1_SoC|bird:b1|bird_light:blD                                                                                                ; bird_light          ; work         ;
;       |bird_light:blE|                    ; 1 (1)               ; 1 (1)                     ; 0                 ; 0          ; 0    ; 0            ; |DE1_SoC|bird:b1|bird_light:blE                                                                                                ; bird_light          ; work         ;
;       |bird_light:blF|                    ; 1 (1)               ; 1 (1)                     ; 0                 ; 0          ; 0    ; 0            ; |DE1_SoC|bird:b1|bird_light:blF                                                                                                ; bird_light          ; work         ;
;       |bird_light_center:blA|             ; 1 (1)               ; 1 (1)                     ; 0                 ; 0          ; 0    ; 0            ; |DE1_SoC|bird:b1|bird_light_center:blA                                                                                         ; bird_light_center   ; work         ;
;    |clock_counter:cc1|                    ; 47 (47)             ; 32 (32)                   ; 0                 ; 0          ; 0    ; 0            ; |DE1_SoC|clock_counter:cc1                                                                                                     ; clock_counter       ; work         ;
;    |clock_counter:cc2|                    ; 45 (45)             ; 32 (32)                   ; 0                 ; 0          ; 0    ; 0            ; |DE1_SoC|clock_counter:cc2                                                                                                     ; clock_counter       ; work         ;
;    |clock_divider:divider|                ; 15 (15)             ; 15 (15)                   ; 0                 ; 0          ; 0    ; 0            ; |DE1_SoC|clock_divider:divider                                                                                                 ; clock_divider       ; work         ;
;    |column_driver:cd1|                    ; 1 (1)               ; 256 (256)                 ; 0                 ; 0          ; 0    ; 0            ; |DE1_SoC|column_driver:cd1                                                                                                     ; column_driver       ; work         ;
;    |difficulty_display:dd1|               ; 4 (4)               ; 0 (0)                     ; 0                 ; 0          ; 0    ; 0            ; |DE1_SoC|difficulty_display:dd1                                                                                                ; difficulty_display  ; work         ;
;    |input_processing:ip1|                 ; 1 (1)               ; 1 (1)                     ; 0                 ; 0          ; 0    ; 0            ; |DE1_SoC|input_processing:ip1                                                                                                  ; input_processing    ; work         ;
;    |pattern_generator:pg1|                ; 134 (63)            ; 62 (52)                   ; 0                 ; 0          ; 0    ; 0            ; |DE1_SoC|pattern_generator:pg1                                                                                                 ; pattern_generator   ; work         ;
;       |LFSR:l1|                           ; 1 (1)               ; 10 (0)                    ; 0                 ; 0          ; 0    ; 0            ; |DE1_SoC|pattern_generator:pg1|LFSR:l1                                                                                         ; LFSR                ; work         ;
;          |D_FF_R:dff10|                   ; 0 (0)               ; 1 (1)                     ; 0                 ; 0          ; 0    ; 0            ; |DE1_SoC|pattern_generator:pg1|LFSR:l1|D_FF_R:dff10                                                                            ; D_FF_R              ; work         ;
;          |D_FF_R:dff1|                    ; 0 (0)               ; 1 (1)                     ; 0                 ; 0          ; 0    ; 0            ; |DE1_SoC|pattern_generator:pg1|LFSR:l1|D_FF_R:dff1                                                                             ; D_FF_R              ; work         ;
;          |D_FF_R:dff2|                    ; 0 (0)               ; 1 (1)                     ; 0                 ; 0          ; 0    ; 0            ; |DE1_SoC|pattern_generator:pg1|LFSR:l1|D_FF_R:dff2                                                                             ; D_FF_R              ; work         ;
;          |D_FF_R:dff3|                    ; 0 (0)               ; 1 (1)                     ; 0                 ; 0          ; 0    ; 0            ; |DE1_SoC|pattern_generator:pg1|LFSR:l1|D_FF_R:dff3                                                                             ; D_FF_R              ; work         ;
;          |D_FF_R:dff4|                    ; 0 (0)               ; 1 (1)                     ; 0                 ; 0          ; 0    ; 0            ; |DE1_SoC|pattern_generator:pg1|LFSR:l1|D_FF_R:dff4                                                                             ; D_FF_R              ; work         ;
;          |D_FF_R:dff5|                    ; 0 (0)               ; 1 (1)                     ; 0                 ; 0          ; 0    ; 0            ; |DE1_SoC|pattern_generator:pg1|LFSR:l1|D_FF_R:dff5                                                                             ; D_FF_R              ; work         ;
;          |D_FF_R:dff6|                    ; 0 (0)               ; 1 (1)                     ; 0                 ; 0          ; 0    ; 0            ; |DE1_SoC|pattern_generator:pg1|LFSR:l1|D_FF_R:dff6                                                                             ; D_FF_R              ; work         ;
;          |D_FF_R:dff7|                    ; 0 (0)               ; 1 (1)                     ; 0                 ; 0          ; 0    ; 0            ; |DE1_SoC|pattern_generator:pg1|LFSR:l1|D_FF_R:dff7                                                                             ; D_FF_R              ; work         ;
;          |D_FF_R:dff8|                    ; 0 (0)               ; 1 (1)                     ; 0                 ; 0          ; 0    ; 0            ; |DE1_SoC|pattern_generator:pg1|LFSR:l1|D_FF_R:dff8                                                                             ; D_FF_R              ; work         ;
;          |D_FF_R:dff9|                    ; 0 (0)               ; 1 (1)                     ; 0                 ; 0          ; 0    ; 0            ; |DE1_SoC|pattern_generator:pg1|LFSR:l1|D_FF_R:dff9                                                                             ; D_FF_R              ; work         ;
;       |lpm_divide:Mod0|                   ; 70 (0)              ; 0 (0)                     ; 0                 ; 0          ; 0    ; 0            ; |DE1_SoC|pattern_generator:pg1|lpm_divide:Mod0                                                                                 ; lpm_divide          ; work         ;
;          |lpm_divide_h3m:auto_generated|  ; 70 (0)              ; 0 (0)                     ; 0                 ; 0          ; 0    ; 0            ; |DE1_SoC|pattern_generator:pg1|lpm_divide:Mod0|lpm_divide_h3m:auto_generated                                                   ; lpm_divide_h3m      ; work         ;
;             |sign_div_unsign_klh:divider| ; 70 (0)              ; 0 (0)                     ; 0                 ; 0          ; 0    ; 0            ; |DE1_SoC|pattern_generator:pg1|lpm_divide:Mod0|lpm_divide_h3m:auto_generated|sign_div_unsign_klh:divider                       ; sign_div_unsign_klh ; work         ;
;                |alt_u_div_eve:divider|    ; 70 (70)             ; 0 (0)                     ; 0                 ; 0          ; 0    ; 0            ; |DE1_SoC|pattern_generator:pg1|lpm_divide:Mod0|lpm_divide_h3m:auto_generated|sign_div_unsign_klh:divider|alt_u_div_eve:divider ; alt_u_div_eve       ; work         ;
;    |score_keeper:sk1|                     ; 14 (12)             ; 5 (3)                     ; 0                 ; 0          ; 0    ; 0            ; |DE1_SoC|score_keeper:sk1                                                                                                      ; score_keeper        ; work         ;
;       |input_processing:skprocess1|       ; 1 (1)               ; 1 (1)                     ; 0                 ; 0          ; 0    ; 0            ; |DE1_SoC|score_keeper:sk1|input_processing:skprocess1                                                                          ; input_processing    ; work         ;
;       |input_processing:skprocess2|       ; 1 (1)               ; 1 (1)                     ; 0                 ; 0          ; 0    ; 0            ; |DE1_SoC|score_keeper:sk1|input_processing:skprocess2                                                                          ; input_processing    ; work         ;
;    |screen_controller:sc1|                ; 0 (0)               ; 1 (1)                     ; 0                 ; 0          ; 0    ; 0            ; |DE1_SoC|screen_controller:sc1                                                                                                 ; screen_controller   ; work         ;
;    |single_hex_driver:hd1|                ; 12 (12)             ; 4 (4)                     ; 0                 ; 0          ; 0    ; 0            ; |DE1_SoC|single_hex_driver:hd1                                                                                                 ; single_hex_driver   ; work         ;
;    |single_hex_driver:hd2|                ; 12 (12)             ; 4 (4)                     ; 0                 ; 0          ; 0    ; 0            ; |DE1_SoC|single_hex_driver:hd2                                                                                                 ; single_hex_driver   ; work         ;
;    |single_hex_driver:hd3|                ; 11 (11)             ; 4 (4)                     ; 0                 ; 0          ; 0    ; 0            ; |DE1_SoC|single_hex_driver:hd3                                                                                                 ; single_hex_driver   ; work         ;
+-------------------------------------------+---------------------+---------------------------+-------------------+------------+------+--------------+--------------------------------------------------------------------------------------------------------------------------------+---------------------+--------------+
Note: For table entries with two numbers listed, the numbers in parentheses indicate the number of resources of the given type used by the specific entity alone. The numbers listed outside of parentheses indicate the total resources of the given type used by the specific entity and all of its sub-entities in the hierarchy.


+-------------------------------------------------------------------------------------------------+
; Registers Removed During Synthesis                                                              ;
+--------------------------------------------------------+----------------------------------------+
; Register name                                          ; Reason for Removal                     ;
+--------------------------------------------------------+----------------------------------------+
; screen_controller:sc1|ps[1..31]                        ; Stuck at GND due to stuck port data_in ;
; single_hex_driver:hd3|ps[4..31]                        ; Stuck at GND due to stuck port data_in ;
; single_hex_driver:hd2|ps[4..31]                        ; Stuck at GND due to stuck port data_in ;
; single_hex_driver:hd1|ps[4..31]                        ; Stuck at GND due to stuck port data_in ;
; score_keeper:sk1|input_processing:skprocess2|ps[1..31] ; Stuck at GND due to stuck port data_in ;
; score_keeper:sk1|input_processing:skprocess1|ps[1..31] ; Stuck at GND due to stuck port data_in ;
; bird:b1|bird_light:blF|ps[1..31]                       ; Stuck at GND due to stuck port data_in ;
; bird:b1|bird_light:blE|ps[1..31]                       ; Stuck at GND due to stuck port data_in ;
; bird:b1|bird_light:blD|ps[1..31]                       ; Stuck at GND due to stuck port data_in ;
; bird:b1|bird_light:blC|ps[1..31]                       ; Stuck at GND due to stuck port data_in ;
; bird:b1|bird_light:blB|ps[1..31]                       ; Stuck at GND due to stuck port data_in ;
; bird:b1|bird_light_center:blA|ps[1..31]                ; Stuck at GND due to stuck port data_in ;
; bird:b1|bird_light:bl9|ps[1..31]                       ; Stuck at GND due to stuck port data_in ;
; bird:b1|bird_light:bl8|ps[1..31]                       ; Stuck at GND due to stuck port data_in ;
; bird:b1|bird_light:bl7|ps[1..31]                       ; Stuck at GND due to stuck port data_in ;
; bird:b1|bird_light:bl6|ps[1..31]                       ; Stuck at GND due to stuck port data_in ;
; bird:b1|bird_light:bl5|ps[1..31]                       ; Stuck at GND due to stuck port data_in ;
; bird:b1|bird_light:bl4|ps[1..31]                       ; Stuck at GND due to stuck port data_in ;
; bird:b1|bird_light:bl3|ps[1..31]                       ; Stuck at GND due to stuck port data_in ;
; bird:b1|bird_light:bl2|ps[1..31]                       ; Stuck at GND due to stuck port data_in ;
; bird:b1|bird_light:bl1|ps[1..31]                       ; Stuck at GND due to stuck port data_in ;
; bird:b1|bird_light:bl0|ps[1..31]                       ; Stuck at GND due to stuck port data_in ;
; input_processing:ip1|ps[1..31]                         ; Stuck at GND due to stuck port data_in ;
; pattern_generator:pg1|a[4..31]                         ; Stuck at GND due to stuck port data_in ;
; clock_divider:divider|divided_clocks[15..31]           ; Lost fanout                            ;
; Total Number of Removed Registers = 749                ;                                        ;
+--------------------------------------------------------+----------------------------------------+


+------------------------------------------------------+
; General Register Statistics                          ;
+----------------------------------------------+-------+
; Statistic                                    ; Value ;
+----------------------------------------------+-------+
; Total registers                              ; 436   ;
; Number of registers using Synchronous Clear  ; 392   ;
; Number of registers using Synchronous Load   ; 2     ;
; Number of registers using Asynchronous Clear ; 0     ;
; Number of registers using Asynchronous Load  ; 0     ;
; Number of registers using Clock Enable       ; 305   ;
; Number of registers using Preset             ; 0     ;
+----------------------------------------------+-------+


+--------------------------------------------------------------------------------------------------------------------------------------------------------+
; Multiplexer Restructuring Statistics (Restructuring Performed)                                                                                         ;
+--------------------+-----------+---------------+----------------------+------------------------+------------+------------------------------------------+
; Multiplexer Inputs ; Bus Width ; Baseline Area ; Area if Restructured ; Saving if Restructured ; Registered ; Example Multiplexer Output               ;
+--------------------+-----------+---------------+----------------------+------------------------+------------+------------------------------------------+
; 3:1                ; 2 bits    ; 4 LEs         ; 2 LEs                ; 2 LEs                  ; Yes        ; |DE1_SoC|pattern_generator:pg1|count[1]  ;
; 3:1                ; 256 bits  ; 512 LEs       ; 0 LEs                ; 512 LEs                ; Yes        ; |DE1_SoC|column_driver:cd1|out[8][14]    ;
; 4:1                ; 29 bits   ; 58 LEs        ; 0 LEs                ; 58 LEs                 ; Yes        ; |DE1_SoC|pattern_generator:pg1|count[13] ;
; 4:1                ; 16 bits   ; 32 LEs        ; 0 LEs                ; 32 LEs                 ; Yes        ; |DE1_SoC|pattern_generator:pg1|out[15]   ;
; 6:1                ; 2 bits    ; 8 LEs         ; 4 LEs                ; 4 LEs                  ; No         ; |DE1_SoC|LEDDriver:Driver|Mux25          ;
; 7:1                ; 2 bits    ; 8 LEs         ; 6 LEs                ; 2 LEs                  ; No         ; |DE1_SoC|LEDDriver:Driver|Mux19          ;
; 31:1               ; 16 bits   ; 320 LEs       ; 320 LEs              ; 0 LEs                  ; No         ; |DE1_SoC|LEDDriver:Driver|Mux10          ;
+--------------------+-----------+---------------+----------------------+------------------------+------------+------------------------------------------+


+---------------------------------------------------------------+
; Parameter Settings for User Entity Instance: LEDDriver:Driver ;
+----------------+-------+--------------------------------------+
; Parameter Name ; Value ; Type                                 ;
+----------------+-------+--------------------------------------+
; FREQDIV        ; 0     ; Signed Integer                       ;
+----------------+-------+--------------------------------------+
Note: In order to hide this table in the UI and the text report file, please set the "Show Parameter Settings in Synthesis Report" option in "Analysis and Synthesis Settings -> More Settings" to "Off".


+----------------------------------------------------------------+
; Parameter Settings for User Entity Instance: clock_counter:cc1 ;
+----------------+-------+---------------------------------------+
; Parameter Name ; Value ; Type                                  ;
+----------------+-------+---------------------------------------+
; CYCLE          ; 762   ; Signed Integer                        ;
+----------------+-------+---------------------------------------+
Note: In order to hide this table in the UI and the text report file, please set the "Show Parameter Settings in Synthesis Report" option in "Analysis and Synthesis Settings -> More Settings" to "Off".


+----------------------------------------------------------------+
; Parameter Settings for User Entity Instance: clock_counter:cc2 ;
+----------------+-------+---------------------------------------+
; Parameter Name ; Value ; Type                                  ;
+----------------+-------+---------------------------------------+
; CYCLE          ; 363   ; Signed Integer                        ;
+----------------+-------+---------------------------------------+
Note: In order to hide this table in the UI and the text report file, please set the "Show Parameter Settings in Synthesis Report" option in "Analysis and Synthesis Settings -> More Settings" to "Off".


+----------------------------------------------------------------------------------------+
; Parameter Settings for Inferred Entity Instance: pattern_generator:pg1|lpm_divide:Mod0 ;
+------------------------+----------------+----------------------------------------------+
; Parameter Name         ; Value          ; Type                                         ;
+------------------------+----------------+----------------------------------------------+
; LPM_WIDTHN             ; 10             ; Untyped                                      ;
; LPM_WIDTHD             ; 4              ; Untyped                                      ;
; LPM_NREPRESENTATION    ; UNSIGNED       ; Untyped                                      ;
; LPM_DREPRESENTATION    ; UNSIGNED       ; Untyped                                      ;
; LPM_PIPELINE           ; 0              ; Untyped                                      ;
; LPM_REMAINDERPOSITIVE  ; TRUE           ; Untyped                                      ;
; MAXIMIZE_SPEED         ; 5              ; Untyped                                      ;
; CBXI_PARAMETER         ; lpm_divide_h3m ; Untyped                                      ;
; CARRY_CHAIN            ; MANUAL         ; Untyped                                      ;
; OPTIMIZE_FOR_SPEED     ; 5              ; Untyped                                      ;
; AUTO_CARRY_CHAINS      ; ON             ; AUTO_CARRY                                   ;
; IGNORE_CARRY_BUFFERS   ; OFF            ; IGNORE_CARRY                                 ;
; AUTO_CASCADE_CHAINS    ; ON             ; AUTO_CASCADE                                 ;
; IGNORE_CASCADE_BUFFERS ; OFF            ; IGNORE_CASCADE                               ;
+------------------------+----------------+----------------------------------------------+
Note: In order to hide this table in the UI and the text report file, please set the "Show Parameter Settings in Synthesis Report" option in "Analysis and Synthesis Settings -> More Settings" to "Off".


+--------------------------------------------------------------------------------------------------------------------+
; Port Connectivity Checks: "single_hex_driver:hd3"                                                                  ;
+----------+--------+----------+-------------------------------------------------------------------------------------+
; Port     ; Type   ; Severity ; Details                                                                             ;
+----------+--------+----------+-------------------------------------------------------------------------------------+
; carryout ; Output ; Info     ; Connected to dangling logic. Logic that only feeds a dangling port will be removed. ;
+----------+--------+----------+-------------------------------------------------------------------------------------+


+----------------------------------------------------+
; Port Connectivity Checks: "bird:b1|bird_light:blF" ;
+---------+-------+----------+-----------------------+
; Port    ; Type  ; Severity ; Details               ;
+---------+-------+----------+-----------------------+
; downlit ; Input ; Info     ; Stuck at GND          ;
+---------+-------+----------+-----------------------+


+----------------------------------------------------+
; Port Connectivity Checks: "bird:b1|bird_light:bl0" ;
+-------+-------+----------+-------------------------+
; Port  ; Type  ; Severity ; Details                 ;
+-------+-------+----------+-------------------------+
; uplit ; Input ; Info     ; Stuck at GND            ;
+-------+-------+----------+-------------------------+


+-----------------------------------------------+
; Port Connectivity Checks: "LEDDriver:Driver"  ;
+-------------+-------+----------+--------------+
; Port        ; Type  ; Severity ; Details      ;
+-------------+-------+----------+--------------+
; EnableCount ; Input ; Info     ; Stuck at VCC ;
+-------------+-------+----------+--------------+


+----------------------------------------------------------------------------------------------------------------------------------+
; Port Connectivity Checks: "clock_divider:divider"                                                                                ;
+------------------------+--------+----------+-------------------------------------------------------------------------------------+
; Port                   ; Type   ; Severity ; Details                                                                             ;
+------------------------+--------+----------+-------------------------------------------------------------------------------------+
; divided_clocks[31..15] ; Output ; Info     ; Connected to dangling logic. Logic that only feeds a dangling port will be removed. ;
; divided_clocks[13..0]  ; Output ; Info     ; Connected to dangling logic. Logic that only feeds a dangling port will be removed. ;
+------------------------+--------+----------+-------------------------------------------------------------------------------------+


+-----------------------------------------------------+
; Post-Synthesis Netlist Statistics for Top Partition ;
+-----------------------+-----------------------------+
; Type                  ; Count                       ;
+-----------------------+-----------------------------+
; arriav_ff             ; 436                         ;
;     ENA               ; 4                           ;
;     ENA SCLR          ; 301                         ;
;     SCLR              ; 90                          ;
;     SCLR SLD          ; 1                           ;
;     SLD               ; 1                           ;
;     plain             ; 39                          ;
; arriav_lcell_comb     ; 435                         ;
;     arith             ; 151                         ;
;         0 data inputs ; 7                           ;
;         1 data inputs ; 124                         ;
;         2 data inputs ; 2                           ;
;         3 data inputs ; 8                           ;
;         4 data inputs ; 10                          ;
;     normal            ; 284                         ;
;         0 data inputs ; 2                           ;
;         1 data inputs ; 7                           ;
;         2 data inputs ; 24                          ;
;         3 data inputs ; 24                          ;
;         4 data inputs ; 45                          ;
;         5 data inputs ; 22                          ;
;         6 data inputs ; 160                         ;
; boundary_port         ; 103                         ;
;                       ;                             ;
; Max LUT depth         ; 16.10                       ;
; Average LUT depth     ; 3.85                        ;
+-----------------------+-----------------------------+


+-------------------------------+
; Elapsed Time Per Partition    ;
+----------------+--------------+
; Partition Name ; Elapsed Time ;
+----------------+--------------+
; Top            ; 00:00:01     ;
+----------------+--------------+


+-------------------------------+
; Analysis & Synthesis Messages ;
+-------------------------------+
Info: *******************************************************************
Info: Running Quartus Prime Analysis & Synthesis
    Info: Version 17.0.0 Build 595 04/25/2017 SJ Lite Edition
    Info: Processing started: Wed Mar 03 10:54:19 2021
Info: Command: quartus_map --read_settings_files=on --write_settings_files=off DE1_SoC -c DE1_SoC
Info (20030): Parallel compilation is enabled and will use 16 of the 16 processors detected
Info (12021): Found 2 design units, including 2 entities, in source file de1_soc.sv
    Info (12023): Found entity 1: DE1_SoC File: D:/UW/ee271labs/lab8/DE1_SoC.sv Line: 2
    Info (12023): Found entity 2: DE1_SoC_testbench File: D:/UW/ee271labs/lab8/DE1_SoC.sv Line: 88
Info (12021): Found 3 design units, including 3 entities, in source file leddriver.sv
    Info (12023): Found entity 1: LEDDriver File: D:/UW/ee271labs/lab8/LEDDriver.sv Line: 13
    Info (12023): Found entity 2: LEDDriver_Test File: D:/UW/ee271labs/lab8/LEDDriver.sv Line: 34
    Info (12023): Found entity 3: LEDDriver_TestPhysical File: D:/UW/ee271labs/lab8/LEDDriver.sv Line: 71
Info (12021): Found 2 design units, including 2 entities, in source file led_test.sv
    Info (12023): Found entity 1: LED_test File: D:/UW/ee271labs/lab8/LED_test.sv Line: 1
    Info (12023): Found entity 2: LED_test_testbench File: D:/UW/ee271labs/lab8/LED_test.sv Line: 60
Info (12021): Found 1 design units, including 1 entities, in source file clock_divider.sv
    Info (12023): Found entity 1: clock_divider File: D:/UW/ee271labs/lab8/clock_divider.sv Line: 3
Info (12021): Found 2 design units, including 2 entities, in source file bird.sv
    Info (12023): Found entity 1: bird File: D:/UW/ee271labs/lab8/bird.sv Line: 1
    Info (12023): Found entity 2: bird_testbench File: D:/UW/ee271labs/lab8/bird.sv Line: 32
Info (12021): Found 1 design units, including 1 entities, in source file bird_light.sv
    Info (12023): Found entity 1: bird_light File: D:/UW/ee271labs/lab8/bird_light.sv Line: 1
Info (12021): Found 1 design units, including 1 entities, in source file input_processing.sv
    Info (12023): Found entity 1: input_processing File: D:/UW/ee271labs/lab8/input_processing.sv Line: 2
Info (12021): Found 1 design units, including 1 entities, in source file clock_counter.sv
    Info (12023): Found entity 1: clock_counter File: D:/UW/ee271labs/lab8/clock_counter.sv Line: 2
Info (12021): Found 1 design units, including 1 entities, in source file single_hex_driver.sv
    Info (12023): Found entity 1: single_hex_driver File: D:/UW/ee271labs/lab8/single_hex_driver.sv Line: 1
Info (12021): Found 1 design units, including 1 entities, in source file bird_light_center.sv
    Info (12023): Found entity 1: bird_light_center File: D:/UW/ee271labs/lab8/bird_light_center.sv Line: 1
Info (12021): Found 1 design units, including 1 entities, in source file column_driver.sv
    Info (12023): Found entity 1: column_driver File: D:/UW/ee271labs/lab8/column_driver.sv Line: 2
Info (12021): Found 2 design units, including 2 entities, in source file pattern_generator.sv
    Info (12023): Found entity 1: pattern_generator File: D:/UW/ee271labs/lab8/pattern_generator.sv Line: 1
    Info (12023): Found entity 2: pattern_generator_testbench File: D:/UW/ee271labs/lab8/pattern_generator.sv Line: 50
Info (12021): Found 1 design units, including 1 entities, in source file lfsr.sv
    Info (12023): Found entity 1: LFSR File: D:/UW/ee271labs/lab8/LFSR.sv Line: 1
Info (12021): Found 1 design units, including 1 entities, in source file d_ff_r.sv
    Info (12023): Found entity 1: D_FF_R File: D:/UW/ee271labs/lab8/D_FF_R.sv Line: 1
Info (12021): Found 2 design units, including 2 entities, in source file score_keeper.sv
    Info (12023): Found entity 1: score_keeper File: D:/UW/ee271labs/lab8/score_keeper.sv Line: 1
    Info (12023): Found entity 2: score_keeper_testbench File: D:/UW/ee271labs/lab8/score_keeper.sv Line: 45
Info (12021): Found 1 design units, including 1 entities, in source file screen_controller.sv
    Info (12023): Found entity 1: screen_controller File: D:/UW/ee271labs/lab8/screen_controller.sv Line: 1
Info (12021): Found 1 design units, including 1 entities, in source file difficulty_display.sv
    Info (12023): Found entity 1: difficulty_display File: D:/UW/ee271labs/lab8/difficulty_display.sv Line: 1
Info (12127): Elaborating entity "DE1_SoC" for the top level hierarchy
Info (12128): Elaborating entity "clock_divider" for hierarchy "clock_divider:divider" File: D:/UW/ee271labs/lab8/DE1_SoC.sv Line: 20
Info (12128): Elaborating entity "LEDDriver" for hierarchy "LEDDriver:Driver" File: D:/UW/ee271labs/lab8/DE1_SoC.sv Line: 39
Info (12128): Elaborating entity "input_processing" for hierarchy "input_processing:ip1" File: D:/UW/ee271labs/lab8/DE1_SoC.sv Line: 48
Info (12128): Elaborating entity "clock_counter" for hierarchy "clock_counter:cc1" File: D:/UW/ee271labs/lab8/DE1_SoC.sv Line: 52
Info (12128): Elaborating entity "clock_counter" for hierarchy "clock_counter:cc2" File: D:/UW/ee271labs/lab8/DE1_SoC.sv Line: 53
Info (12128): Elaborating entity "bird" for hierarchy "bird:b1" File: D:/UW/ee271labs/lab8/DE1_SoC.sv Line: 62
Info (12128): Elaborating entity "bird_light" for hierarchy "bird:b1|bird_light:bl0" File: D:/UW/ee271labs/lab8/bird.sv Line: 7
Info (12128): Elaborating entity "bird_light_center" for hierarchy "bird:b1|bird_light_center:blA" File: D:/UW/ee271labs/lab8/bird.sv Line: 19
Info (12128): Elaborating entity "score_keeper" for hierarchy "score_keeper:sk1" File: D:/UW/ee271labs/lab8/DE1_SoC.sv Line: 66
Info (12128): Elaborating entity "single_hex_driver" for hierarchy "single_hex_driver:hd1" File: D:/UW/ee271labs/lab8/DE1_SoC.sv Line: 70
Info (12128): Elaborating entity "difficulty_display" for hierarchy "difficulty_display:dd1" File: D:/UW/ee271labs/lab8/DE1_SoC.sv Line: 73
Info (12128): Elaborating entity "pattern_generator" for hierarchy "pattern_generator:pg1" File: D:/UW/ee271labs/lab8/DE1_SoC.sv Line: 78
Info (12128): Elaborating entity "LFSR" for hierarchy "pattern_generator:pg1|LFSR:l1" File: D:/UW/ee271labs/lab8/pattern_generator.sv Line: 7
Info (12128): Elaborating entity "D_FF_R" for hierarchy "pattern_generator:pg1|LFSR:l1|D_FF_R:dff1" File: D:/UW/ee271labs/lab8/LFSR.sv Line: 7
Info (12128): Elaborating entity "column_driver" for hierarchy "column_driver:cd1" File: D:/UW/ee271labs/lab8/DE1_SoC.sv Line: 79
Info (12128): Elaborating entity "screen_controller" for hierarchy "screen_controller:sc1" File: D:/UW/ee271labs/lab8/DE1_SoC.sv Line: 82
Info (278001): Inferred 1 megafunctions from design logic
    Info (278004): Inferred divider/modulo megafunction ("lpm_divide") from the following logic: "pattern_generator:pg1|Mod0" File: D:/UW/ee271labs/lab8/pattern_generator.sv Line: 40
Info (12130): Elaborated megafunction instantiation "pattern_generator:pg1|lpm_divide:Mod0" File: D:/UW/ee271labs/lab8/pattern_generator.sv Line: 40
Info (12133): Instantiated megafunction "pattern_generator:pg1|lpm_divide:Mod0" with the following parameter: File: D:/UW/ee271labs/lab8/pattern_generator.sv Line: 40
    Info (12134): Parameter "LPM_WIDTHN" = "10"
    Info (12134): Parameter "LPM_WIDTHD" = "4"
    Info (12134): Parameter "LPM_NREPRESENTATION" = "UNSIGNED"
    Info (12134): Parameter "LPM_DREPRESENTATION" = "UNSIGNED"
Info (12021): Found 1 design units, including 1 entities, in source file db/lpm_divide_h3m.tdf
    Info (12023): Found entity 1: lpm_divide_h3m File: D:/UW/ee271labs/lab8/db/lpm_divide_h3m.tdf Line: 25
Info (12021): Found 1 design units, including 1 entities, in source file db/sign_div_unsign_klh.tdf
    Info (12023): Found entity 1: sign_div_unsign_klh File: D:/UW/ee271labs/lab8/db/sign_div_unsign_klh.tdf Line: 25
Info (12021): Found 1 design units, including 1 entities, in source file db/alt_u_div_eve.tdf
    Info (12023): Found entity 1: alt_u_div_eve File: D:/UW/ee271labs/lab8/db/alt_u_div_eve.tdf Line: 23
Info (286030): Timing-Driven Synthesis is running
Info (17049): 17 registers lost all their fanouts during netlist optimizations.
Info (144001): Generated suppressed messages file D:/UW/ee271labs/lab8/output_files/DE1_SoC.map.smsg
Info (16010): Generating hard_block partition "hard_block:auto_generated_inst"
    Info (16011): Adding 0 node(s), including 0 DDIO, 0 PLL, 0 transceiver and 0 LCELL
Info (21057): Implemented 799 device resources after synthesis - the final resource count might be different
    Info (21058): Implemented 15 input pins
    Info (21059): Implemented 88 output pins
    Info (21061): Implemented 696 logic cells
Info: Quartus Prime Analysis & Synthesis was successful. 0 errors, 0 warnings
    Info: Peak virtual memory: 4880 megabytes
    Info: Processing ended: Wed Mar 03 10:54:31 2021
    Info: Elapsed time: 00:00:12
    Info: Total CPU time (on all processors): 00:00:27


+------------------------------------------+
; Analysis & Synthesis Suppressed Messages ;
+------------------------------------------+
The suppressed messages can be found in D:/UW/ee271labs/lab8/output_files/DE1_SoC.map.smsg.


